TN:
SF:src/app.ts
FN:6,(anonymous_0)
FNF:1
FNH:1
FNDA:6,(anonymous_0)
DA:6,2
DA:7,6
DA:8,6
DA:9,6
DA:10,6
DA:11,6
DA:12,6
LF:7
LH:7
BRF:0
BRH:0
end_of_record
TN:
SF:src/config/db.config.ts
FN:25,connectDB
FNF:1
FNH:0
FNDA:0,connectDB
DA:6,2
DA:8,2
DA:13,2
DA:26,0
DA:27,0
DA:28,0
DA:30,0
DA:34,2
LF:8
LH:4
BRF:0
BRH:0
end_of_record
TN:
SF:src/config/jwt.config.ts
FN:15,(anonymous_0)
FN:24,(anonymous_1)
FN:33,(anonymous_2)
FN:42,(anonymous_3)
FNF:4
FNH:4
FNDA:6,(anonymous_0)
FNDA:2,(anonymous_1)
FNDA:3,(anonymous_2)
FNDA:2,(anonymous_3)
DA:4,3
DA:6,3
DA:7,3
DA:15,3
DA:16,6
DA:17,6
DA:19,0
DA:20,0
DA:24,3
DA:25,2
DA:26,2
DA:28,0
DA:29,0
DA:33,3
DA:34,3
DA:35,3
DA:37,1
DA:38,1
DA:42,3
DA:43,2
DA:44,2
DA:46,1
DA:47,1
LF:23
LH:19
BRDA:15,0,0,0
BRDA:24,1,0,0
BRF:2
BRH:0
end_of_record
TN:
SF:src/controllers/auth.controller.ts
FN:5,(anonymous_0)
FN:25,(anonymous_1)
FN:45,(anonymous_2)
FN:66,(anonymous_3)
FNF:4
FNH:0
FNDA:0,(anonymous_0)
FNDA:0,(anonymous_1)
FNDA:0,(anonymous_2)
FNDA:0,(anonymous_3)
DA:5,2
DA:6,0
DA:7,0
DA:9,0
DA:16,0
DA:18,0
DA:25,2
DA:26,0
DA:27,0
DA:29,0
DA:36,0
DA:38,0
DA:45,2
DA:46,0
DA:47,0
DA:48,0
DA:51,0
DA:52,0
DA:53,0
DA:56,0
DA:58,0
DA:59,0
DA:60,0
DA:63,0
DA:66,2
DA:67,0
DA:68,0
LF:27
LH:4
BRDA:47,0,0,0
BRDA:47,0,1,0
BRDA:52,1,0,0
BRDA:52,1,1,0
BRDA:59,2,0,0
BRDA:59,2,1,0
BRF:6
BRH:0
end_of_record
TN:
SF:src/controllers/customer.controllers.ts
FN:4,(anonymous_0)
FN:14,(anonymous_1)
FN:24,(anonymous_2)
FN:37,(anonymous_3)
FN:47,(anonymous_4)
FNF:5
FNH:0
FNDA:0,(anonymous_0)
FNDA:0,(anonymous_1)
FNDA:0,(anonymous_2)
FNDA:0,(anonymous_3)
FNDA:0,(anonymous_4)
DA:4,2
DA:5,0
DA:6,0
DA:7,0
DA:9,0
DA:10,0
DA:14,2
DA:15,0
DA:16,0
DA:17,0
DA:19,0
DA:20,0
DA:24,2
DA:25,0
DA:26,0
DA:27,0
DA:28,0
DA:30,0
DA:32,0
DA:33,0
DA:37,2
DA:38,0
DA:39,0
DA:40,0
DA:42,0
DA:43,0
DA:47,2
DA:48,0
DA:49,0
DA:50,0
DA:52,0
DA:53,0
LF:32
LH:5
BRDA:27,0,0,0
BRDA:27,0,1,0
BRF:2
BRH:0
end_of_record
TN:
SF:src/controllers/order.controller.ts
FN:5,(anonymous_0)
FN:22,(anonymous_1)
FNF:2
FNH:0
FNDA:0,(anonymous_0)
FNDA:0,(anonymous_1)
DA:5,2
DA:6,0
DA:7,0
DA:8,0
DA:9,0
DA:12,0
DA:13,0
DA:18,0
DA:22,2
DA:23,0
DA:24,0
DA:25,0
DA:26,0
DA:27,0
DA:29,0
DA:30,0
DA:32,0
DA:33,0
DA:35,0
LF:19
LH:2
BRDA:8,0,0,0
BRDA:8,0,1,0
BRDA:26,1,0,0
BRDA:26,1,1,0
BRDA:26,2,0,0
BRDA:26,2,1,0
BRDA:29,3,0,0
BRDA:29,3,1,0
BRDA:29,4,0,0
BRDA:29,4,1,0
BRF:10
BRH:0
end_of_record
TN:
SF:src/controllers/products.controllers.ts
FN:4,(anonymous_0)
FN:14,(anonymous_1)
FN:24,(anonymous_2)
FN:37,(anonymous_3)
FN:47,(anonymous_4)
FNF:5
FNH:0
FNDA:0,(anonymous_0)
FNDA:0,(anonymous_1)
FNDA:0,(anonymous_2)
FNDA:0,(anonymous_3)
FNDA:0,(anonymous_4)
DA:4,2
DA:5,0
DA:6,0
DA:7,0
DA:9,0
DA:10,0
DA:14,2
DA:15,0
DA:16,0
DA:17,0
DA:19,0
DA:20,0
DA:24,2
DA:25,0
DA:26,0
DA:27,0
DA:28,0
DA:30,0
DA:32,0
DA:33,0
DA:37,2
DA:38,0
DA:39,0
DA:40,0
DA:42,0
DA:43,0
DA:47,2
DA:48,0
DA:49,0
DA:50,0
DA:52,0
DA:53,0
LF:32
LH:5
BRDA:27,0,0,0
BRDA:27,0,1,0
BRF:2
BRH:0
end_of_record
TN:
SF:src/middlewares/auth.middleware.ts
FN:15,(anonymous_0)
FNF:1
FNH:1
FNDA:3,(anonymous_0)
DA:5,2
DA:15,2
DA:16,3
DA:17,3
DA:19,3
DA:20,3
DA:23,0
DA:25,0
DA:26,0
DA:29,0
DA:31,0
DA:32,0
DA:35,0
DA:36,0
DA:38,0
DA:39,0
LF:16
LH:6
BRDA:19,0,0,3
BRDA:19,0,1,0
BRDA:25,1,0,0
BRDA:25,1,1,0
BRDA:31,2,0,0
BRDA:31,2,1,0
BRF:6
BRH:1
end_of_record
TN:
SF:src/middlewares/role.middleware.ts
FN:3,(anonymous_0)
FN:4,(anonymous_1)
FNF:2
FNH:1
FNDA:12,(anonymous_0)
FNDA:0,(anonymous_1)
DA:3,2
DA:4,12
DA:5,0
DA:6,0
DA:9,0
DA:10,0
DA:12,0
LF:7
LH:2
BRDA:5,0,0,0
BRDA:5,0,1,0
BRDA:9,1,0,0
BRDA:9,1,1,0
BRF:4
BRH:0
end_of_record
TN:
SF:src/middlewares/validateCode.ts
FN:4,(anonymous_0)
FNF:1
FNH:0
FNDA:0,(anonymous_0)
DA:4,2
DA:5,0
DA:6,0
DA:8,0
DA:9,0
DA:12,0
DA:13,0
DA:14,0
DA:17,0
DA:19,0
LF:10
LH:1
BRDA:8,0,0,0
BRDA:8,0,1,0
BRDA:13,1,0,0
BRDA:13,1,1,0
BRF:4
BRH:0
end_of_record
TN:
SF:src/middlewares/validateSchema.ts
FN:4,(anonymous_0)
FN:5,(anonymous_1)
FNF:2
FNH:2
FNDA:12,(anonymous_0)
FNDA:4,(anonymous_1)
DA:4,2
DA:5,12
DA:6,4
DA:7,4
DA:8,4
DA:9,0
DA:10,0
DA:12,0
DA:14,0
DA:17,4
LF:10
LH:6
BRDA:7,0,0,4
BRDA:7,0,1,0
BRDA:9,1,0,0
BRDA:9,1,1,0
BRF:4
BRH:1
end_of_record
TN:
SF:src/models/customers.ts
FN:42,(anonymous_0)
FNF:1
FNH:1
FNDA:2,(anonymous_0)
DA:43,2
LF:1
LH:1
BRF:0
BRH:0
end_of_record
TN:
SF:src/models/order_details.ts
FN:44,(anonymous_0)
FNF:1
FNH:1
FNDA:2,(anonymous_0)
DA:45,2
LF:1
LH:1
BRF:0
BRH:0
end_of_record
TN:
SF:src/models/orders.ts
FN:41,(anonymous_0)
FNF:1
FNH:1
FNDA:2,(anonymous_0)
DA:42,2
LF:1
LH:1
BRF:0
BRH:0
end_of_record
TN:
SF:src/models/products.ts
FN:39,(anonymous_0)
FNF:1
FNH:1
FNDA:2,(anonymous_0)
DA:40,2
LF:1
LH:1
BRF:0
BRH:0
end_of_record
TN:
SF:src/models/users.ts
FN:55,(anonymous_0)
FNF:1
FNH:1
FNDA:2,(anonymous_0)
DA:56,2
LF:1
LH:1
BRF:0
BRH:0
end_of_record
TN:
SF:src/routes/auth.routes.ts
FNF:0
FNH:0
DA:7,2
DA:9,2
DA:10,2
DA:11,2
DA:12,2
LF:5
LH:5
BRF:0
BRH:0
end_of_record
TN:
SF:src/routes/customers.routes.ts
FNF:0
FNH:0
DA:14,2
DA:16,2
DA:17,2
DA:18,2
DA:19,2
DA:20,2
LF:6
LH:6
BRF:0
BRH:0
end_of_record
TN:
SF:src/routes/index.ts
FN:9,(anonymous_0)
FNF:1
FNH:1
FNDA:1,(anonymous_0)
DA:7,2
DA:9,2
DA:10,1
DA:13,2
DA:14,2
DA:15,2
DA:16,2
LF:7
LH:7
BRF:0
BRH:0
end_of_record
TN:
SF:src/routes/order.routes.ts
FNF:0
FNH:0
DA:7,2
DA:9,2
DA:10,2
LF:3
LH:3
BRF:0
BRH:0
end_of_record
TN:
SF:src/routes/products.routes.ts
FNF:0
FNH:0
DA:9,2
DA:11,2
DA:12,2
DA:13,2
DA:14,2
DA:15,2
LF:6
LH:6
BRF:0
BRH:0
end_of_record
TN:
SF:src/schema/auth.schema.ts
FNF:0
FNH:0
DA:3,4
DA:9,4
LF:2
LH:2
BRF:0
BRH:0
end_of_record
TN:
SF:src/schema/customers.schema.ts
FNF:0
FNH:0
DA:3,3
DA:12,3
LF:2
LH:2
BRF:0
BRH:0
end_of_record
TN:
SF:src/schema/order.schema.ts
FNF:0
FNH:0
DA:3,3
DA:8,3
LF:2
LH:2
BRF:0
BRH:0
end_of_record
TN:
SF:src/schema/product.schema.ts
FNF:0
FNH:0
DA:3,3
DA:12,3
LF:2
LH:2
BRF:0
BRH:0
end_of_record
TN:
SF:src/services/auth.services.ts
FN:6,(anonymous_0)
FN:32,(anonymous_1)
FNF:2
FNH:0
FNDA:0,(anonymous_0)
FNDA:0,(anonymous_1)
DA:6,2
DA:7,0
DA:8,0
DA:9,0
DA:12,0
DA:13,0
DA:15,0
DA:17,0
DA:24,0
DA:25,0
DA:26,0
DA:27,0
DA:29,0
DA:32,2
DA:33,0
DA:34,0
DA:35,0
DA:38,0
DA:39,0
DA:41,0
DA:42,0
DA:44,0
DA:45,0
DA:46,0
DA:47,0
DA:48,0
LF:26
LH:2
BRDA:8,0,0,0
BRDA:8,0,1,0
BRDA:13,1,0,0
BRDA:13,1,1,0
BRDA:21,2,0,0
BRDA:21,2,1,0
BRDA:26,3,0,0
BRDA:26,3,1,0
BRDA:34,4,0,0
BRDA:34,4,1,0
BRDA:39,5,0,0
BRDA:39,5,1,0
BRDA:42,6,0,0
BRDA:42,6,1,0
BRDA:46,7,0,0
BRDA:46,7,1,0
BRF:16
BRH:0
end_of_record
TN:
SF:src/services/customers.services.ts
FN:4,(anonymous_0)
FN:9,(anonymous_1)
FN:14,(anonymous_2)
FN:19,(anonymous_3)
FN:28,(anonymous_4)
FNF:5
FNH:0
FNDA:0,(anonymous_0)
FNDA:0,(anonymous_1)
FNDA:0,(anonymous_2)
FNDA:0,(anonymous_3)
FNDA:0,(anonymous_4)
DA:4,2
DA:5,0
DA:6,0
DA:9,2
DA:10,0
DA:11,0
DA:14,2
DA:15,0
DA:16,0
DA:19,2
DA:20,0
DA:21,0
DA:22,0
DA:24,0
DA:25,0
DA:28,2
DA:29,0
DA:31,0
DA:32,0
DA:34,0
DA:35,0
LF:21
LH:5
BRDA:21,0,0,0
BRDA:21,0,1,0
BRDA:31,1,0,0
BRDA:31,1,1,0
BRF:4
BRH:0
end_of_record
TN:
SF:src/services/order.service.ts
FN:9,(anonymous_0)
FN:10,(anonymous_1)
FN:17,(anonymous_2)
FN:26,(anonymous_3)
FN:27,(anonymous_4)
FN:32,(anonymous_5)
FN:33,(anonymous_6)
FN:42,(anonymous_7)
FN:43,(anonymous_8)
FN:55,(anonymous_9)
FN:74,(anonymous_10)
FNF:11
FNH:0
FNDA:0,(anonymous_0)
FNDA:0,(anonymous_1)
FNDA:0,(anonymous_2)
FNDA:0,(anonymous_3)
FNDA:0,(anonymous_4)
FNDA:0,(anonymous_5)
FNDA:0,(anonymous_6)
FNDA:0,(anonymous_7)
FNDA:0,(anonymous_8)
FNDA:0,(anonymous_9)
FNDA:0,(anonymous_10)
DA:9,2
DA:10,0
DA:11,0
DA:13,0
DA:14,0
DA:16,0
DA:17,0
DA:18,0
DA:19,0
DA:20,0
DA:23,0
DA:26,2
DA:27,0
DA:28,0
DA:30,0
DA:32,0
DA:33,0
DA:34,0
DA:37,0
DA:42,0
DA:43,0
DA:44,0
DA:52,0
DA:54,0
DA:55,0
DA:56,0
DA:59,0
DA:74,2
DA:78,0
DA:79,0
DA:81,0
DA:90,0
DA:91,0
DA:94,0
LF:34
LH:3
BRDA:13,0,0,0
BRDA:13,0,1,0
BRDA:18,1,0,0
BRDA:18,1,1,0
BRDA:19,2,0,0
BRDA:19,2,1,0
BRDA:79,3,0,0
BRDA:79,3,1,0
BRDA:90,4,0,0
BRDA:90,4,1,0
BRF:10
BRH:0
end_of_record
TN:
SF:src/services/products.services.ts
FN:4,(anonymous_0)
FN:9,(anonymous_1)
FN:14,(anonymous_2)
FN:19,(anonymous_3)
FN:28,(anonymous_4)
FNF:5
FNH:0
FNDA:0,(anonymous_0)
FNDA:0,(anonymous_1)
FNDA:0,(anonymous_2)
FNDA:0,(anonymous_3)
FNDA:0,(anonymous_4)
DA:4,2
DA:5,0
DA:6,0
DA:9,2
DA:10,0
DA:11,0
DA:14,2
DA:15,0
DA:16,0
DA:19,2
DA:20,0
DA:21,0
DA:22,0
DA:24,0
DA:25,0
DA:28,2
DA:29,0
DA:30,0
DA:31,0
DA:33,0
DA:34,0
LF:21
LH:5
BRDA:21,0,0,0
BRDA:21,0,1,0
BRDA:30,1,0,0
BRDA:30,1,1,0
BRF:4
BRH:0
end_of_record
